/user/sun.qumeng/u11423/.conda/envs/openpcd/lib/python3.8/runpy.py:127: RuntimeWarning: 'torch.utils.collect_env' found in sys.modules after import of package 'torch.utils', but prior to execution of 'torch.utils.collect_env'; this may result in unpredictable behaviour
  warn(RuntimeWarning(msg))
2024-05-16 01:22:57,335   INFO  **********************Start logging**********************
2024-05-16 01:22:57,336   INFO  CUDA_VISIBLE_DEVICES=0
2024-05-16 01:22:57,336   INFO  Training with a single process
2024-05-16 01:22:57,336   INFO  cfg_file         /user/sun.qumeng/u11423/OpenPCDet/tools/cfgs/custom_models/pps.yaml
2024-05-16 01:22:57,336   INFO  batch_size       4
2024-05-16 01:22:57,336   INFO  epochs           80
2024-05-16 01:22:57,336   INFO  workers          4
2024-05-16 01:22:57,336   INFO  extra_tag        default
2024-05-16 01:22:57,336   INFO  ckpt             None
2024-05-16 01:22:57,336   INFO  pretrained_model None
2024-05-16 01:22:57,336   INFO  launcher         none
2024-05-16 01:22:57,336   INFO  tcp_port         18888
2024-05-16 01:22:57,336   INFO  sync_bn          False
2024-05-16 01:22:57,336   INFO  fix_random_seed  False
2024-05-16 01:22:57,336   INFO  ckpt_save_interval 1
2024-05-16 01:22:57,336   INFO  local_rank       None
2024-05-16 01:22:57,336   INFO  max_ckpt_save_num 30
2024-05-16 01:22:57,337   INFO  merge_all_iters_to_one_epoch False
2024-05-16 01:22:57,337   INFO  set_cfgs         None
2024-05-16 01:22:57,337   INFO  max_waiting_mins 0
2024-05-16 01:22:57,337   INFO  start_epoch      0
2024-05-16 01:22:57,337   INFO  num_epochs_to_eval 0
2024-05-16 01:22:57,337   INFO  save_to_file     False
2024-05-16 01:22:57,337   INFO  use_tqdm_to_record False
2024-05-16 01:22:57,337   INFO  logger_iter_interval 50
2024-05-16 01:22:57,337   INFO  ckpt_save_time_interval 300
2024-05-16 01:22:57,337   INFO  wo_gpu_stat      False
2024-05-16 01:22:57,337   INFO  use_amp          False
2024-05-16 01:22:57,337   INFO  cfg.ROOT_DIR: /home/uni08/hpc/sun.qumeng/u11423/OpenPCDet
2024-05-16 01:22:57,337   INFO  cfg.LOCAL_RANK: 0
2024-05-16 01:22:57,337   INFO  cfg.CLASS_NAMES: ['CAR', 'PEDESTRIAN', 'TRUCK']
2024-05-16 01:22:57,337   INFO  ----------- DATA_CONFIG -----------
2024-05-16 01:22:57,337   INFO  cfg.DATA_CONFIG.DATASET: CustomDataset
2024-05-16 01:22:57,337   INFO  cfg.DATA_CONFIG.DATA_PATH: ../data/custom
2024-05-16 01:22:57,337   INFO  cfg.DATA_CONFIG.POINT_CLOUD_RANGE: [0, -39.68, -3, 69.12, 39.68, 1]
2024-05-16 01:22:57,337   INFO  ----------- MAP_CLASS_TO_KITTI -----------
2024-05-16 01:22:57,338   INFO  cfg.DATA_CONFIG.MAP_CLASS_TO_KITTI.CAR: Car
2024-05-16 01:22:57,338   INFO  cfg.DATA_CONFIG.MAP_CLASS_TO_KITTI.PEDESTRIAN: Pedestrian
2024-05-16 01:22:57,338   INFO  cfg.DATA_CONFIG.MAP_CLASS_TO_KITTI.TRUCK: Truck
2024-05-16 01:22:57,338   INFO  ----------- DATA_SPLIT -----------
2024-05-16 01:22:57,338   INFO  cfg.DATA_CONFIG.DATA_SPLIT.train: train
2024-05-16 01:22:57,338   INFO  cfg.DATA_CONFIG.DATA_SPLIT.test: val
2024-05-16 01:22:57,338   INFO  ----------- INFO_PATH -----------
2024-05-16 01:22:57,338   INFO  cfg.DATA_CONFIG.INFO_PATH.train: ['custom_infos_train.pkl']
2024-05-16 01:22:57,338   INFO  cfg.DATA_CONFIG.INFO_PATH.test: ['custom_infos_val.pkl']
2024-05-16 01:22:57,338   INFO  ----------- POINT_FEATURE_ENCODING -----------
2024-05-16 01:22:57,338   INFO  cfg.DATA_CONFIG.POINT_FEATURE_ENCODING.encoding_type: absolute_coordinates_encoding
2024-05-16 01:22:57,338   INFO  cfg.DATA_CONFIG.POINT_FEATURE_ENCODING.used_feature_list: ['x', 'y', 'z', 'intensity']
2024-05-16 01:22:57,338   INFO  cfg.DATA_CONFIG.POINT_FEATURE_ENCODING.src_feature_list: ['x', 'y', 'z', 'intensity']
2024-05-16 01:22:57,338   INFO  ----------- DATA_AUGMENTOR -----------
2024-05-16 01:22:57,338   INFO  cfg.DATA_CONFIG.DATA_AUGMENTOR.DISABLE_AUG_LIST: ['placeholder']
2024-05-16 01:22:57,338   INFO  cfg.DATA_CONFIG.DATA_AUGMENTOR.AUG_CONFIG_LIST: [{'NAME': 'gt_sampling', 'USE_ROAD_PLANE': True, 'DB_INFO_PATH': ['kitti_dbinfos_train.pkl'], 'PREPARE': {'filter_by_min_points': ['Car:5', 'Pedestrian:5', 'Cyclist:5'], 'filter_by_difficulty': [-1]}, 'SAMPLE_GROUPS': ['Car:15', 'Pedestrian:15', 'Cyclist:15'], 'NUM_POINT_FEATURES': 4, 'DATABASE_WITH_FAKELIDAR': False, 'REMOVE_EXTRA_WIDTH': [0.0, 0.0, 0.0], 'LIMIT_WHOLE_SCENE': False}, {'NAME': 'random_world_flip', 'ALONG_AXIS_LIST': ['x']}, {'NAME': 'random_world_rotation', 'WORLD_ROT_ANGLE': [-0.78539816, 0.78539816]}, {'NAME': 'random_world_scaling', 'WORLD_SCALE_RANGE': [0.95, 1.05]}]
2024-05-16 01:22:57,338   INFO  cfg.DATA_CONFIG.DATA_PROCESSOR: [{'NAME': 'mask_points_and_boxes_outside_range', 'REMOVE_OUTSIDE_BOXES': True}, {'NAME': 'shuffle_points', 'SHUFFLE_ENABLED': {'train': True, 'test': False}}, {'NAME': 'transform_points_to_voxels', 'VOXEL_SIZE': [0.16, 0.16, 4], 'MAX_POINTS_PER_VOXEL': 32, 'MAX_NUMBER_OF_VOXELS': {'train': 16000, 'test': 40000}}]
2024-05-16 01:22:57,339   INFO  cfg.DATA_CONFIG._BASE_CONFIG_: cfgs/dataset_configs/custom_dataset.yaml
2024-05-16 01:22:57,339   INFO  ----------- MODEL -----------
2024-05-16 01:22:57,339   INFO  cfg.MODEL.NAME: PointPillar
2024-05-16 01:22:57,339   INFO  ----------- VFE -----------
2024-05-16 01:22:57,339   INFO  cfg.MODEL.VFE.NAME: PillarVFE
2024-05-16 01:22:57,339   INFO  cfg.MODEL.VFE.WITH_DISTANCE: False
2024-05-16 01:22:57,339   INFO  cfg.MODEL.VFE.USE_ABSLOTE_XYZ: True
2024-05-16 01:22:57,339   INFO  cfg.MODEL.VFE.USE_NORM: True
2024-05-16 01:22:57,339   INFO  cfg.MODEL.VFE.NUM_FILTERS: [64]
2024-05-16 01:22:57,339   INFO  ----------- MAP_TO_BEV -----------
2024-05-16 01:22:57,339   INFO  cfg.MODEL.MAP_TO_BEV.NAME: PointPillarScatter
2024-05-16 01:22:57,339   INFO  cfg.MODEL.MAP_TO_BEV.NUM_BEV_FEATURES: 64
2024-05-16 01:22:57,339   INFO  ----------- BACKBONE_2D -----------
2024-05-16 01:22:57,339   INFO  cfg.MODEL.BACKBONE_2D.NAME: BaseBEVBackbone
2024-05-16 01:22:57,339   INFO  cfg.MODEL.BACKBONE_2D.LAYER_NUMS: [3, 5, 5]
2024-05-16 01:22:57,339   INFO  cfg.MODEL.BACKBONE_2D.LAYER_STRIDES: [2, 2, 2]
2024-05-16 01:22:57,339   INFO  cfg.MODEL.BACKBONE_2D.NUM_FILTERS: [64, 128, 256]
2024-05-16 01:22:57,339   INFO  cfg.MODEL.BACKBONE_2D.UPSAMPLE_STRIDES: [1, 2, 4]
2024-05-16 01:22:57,339   INFO  cfg.MODEL.BACKBONE_2D.NUM_UPSAMPLE_FILTERS: [128, 128, 128]
2024-05-16 01:22:57,340   INFO  ----------- DENSE_HEAD -----------
2024-05-16 01:22:57,340   INFO  cfg.MODEL.DENSE_HEAD.NAME: AnchorHeadSingle
2024-05-16 01:22:57,340   INFO  cfg.MODEL.DENSE_HEAD.CLASS_AGNOSTIC: False
2024-05-16 01:22:57,340   INFO  cfg.MODEL.DENSE_HEAD.USE_DIRECTION_CLASSIFIER: True
2024-05-16 01:22:57,340   INFO  cfg.MODEL.DENSE_HEAD.DIR_OFFSET: 0.78539
2024-05-16 01:22:57,340   INFO  cfg.MODEL.DENSE_HEAD.DIR_LIMIT_OFFSET: 0.0
2024-05-16 01:22:57,340   INFO  cfg.MODEL.DENSE_HEAD.NUM_DIR_BINS: 2
2024-05-16 01:22:57,340   INFO  cfg.MODEL.DENSE_HEAD.ANCHOR_GENERATOR_CONFIG: [{'class_name': 'CAR', 'anchor_sizes': [[3.9, 1.6, 1.56]], 'anchor_rotations': [0, 1.57], 'anchor_bottom_heights': [-1.78], 'align_center': False, 'feature_map_stride': 2, 'matched_threshold': 0.6, 'unmatched_threshold': 0.45}, {'class_name': 'PEDESTRIAN', 'anchor_sizes': [[0.8, 0.6, 1.73]], 'anchor_rotations': [0, 1.57], 'anchor_bottom_heights': [-0.6], 'align_center': False, 'feature_map_stride': 2, 'matched_threshold': 0.5, 'unmatched_threshold': 0.35}, {'class_name': 'TRUCK', 'anchor_sizes': [[1.76, 0.6, 1.73]], 'anchor_rotations': [0, 1.57], 'anchor_bottom_heights': [-0.6], 'align_center': False, 'feature_map_stride': 2, 'matched_threshold': 0.5, 'unmatched_threshold': 0.35}]
2024-05-16 01:22:57,340   INFO  ----------- TARGET_ASSIGNER_CONFIG -----------
2024-05-16 01:22:57,340   INFO  cfg.MODEL.DENSE_HEAD.TARGET_ASSIGNER_CONFIG.NAME: AxisAlignedTargetAssigner
2024-05-16 01:22:57,340   INFO  cfg.MODEL.DENSE_HEAD.TARGET_ASSIGNER_CONFIG.POS_FRACTION: -1.0
2024-05-16 01:22:57,340   INFO  cfg.MODEL.DENSE_HEAD.TARGET_ASSIGNER_CONFIG.SAMPLE_SIZE: 512
2024-05-16 01:22:57,340   INFO  cfg.MODEL.DENSE_HEAD.TARGET_ASSIGNER_CONFIG.NORM_BY_NUM_EXAMPLES: False
2024-05-16 01:22:57,340   INFO  cfg.MODEL.DENSE_HEAD.TARGET_ASSIGNER_CONFIG.MATCH_HEIGHT: False
2024-05-16 01:22:57,340   INFO  cfg.MODEL.DENSE_HEAD.TARGET_ASSIGNER_CONFIG.BOX_CODER: ResidualCoder
2024-05-16 01:22:57,340   INFO  ----------- LOSS_CONFIG -----------
2024-05-16 01:22:57,340   INFO  ----------- LOSS_WEIGHTS -----------
2024-05-16 01:22:57,340   INFO  cfg.MODEL.DENSE_HEAD.LOSS_CONFIG.LOSS_WEIGHTS.cls_weight: 1.0
2024-05-16 01:22:57,341   INFO  cfg.MODEL.DENSE_HEAD.LOSS_CONFIG.LOSS_WEIGHTS.loc_weight: 2.0
2024-05-16 01:22:57,341   INFO  cfg.MODEL.DENSE_HEAD.LOSS_CONFIG.LOSS_WEIGHTS.dir_weight: 0.2
2024-05-16 01:22:57,341   INFO  cfg.MODEL.DENSE_HEAD.LOSS_CONFIG.LOSS_WEIGHTS.code_weights: [1.0, 1.0, 1.0, 1.0, 1.0, 1.0, 1.0]
2024-05-16 01:22:57,341   INFO  ----------- POST_PROCESSING -----------
2024-05-16 01:22:57,341   INFO  cfg.MODEL.POST_PROCESSING.RECALL_THRESH_LIST: [0.3, 0.5, 0.7]
2024-05-16 01:22:57,341   INFO  cfg.MODEL.POST_PROCESSING.SCORE_THRESH: 0.1
2024-05-16 01:22:57,341   INFO  cfg.MODEL.POST_PROCESSING.OUTPUT_RAW_SCORE: False
2024-05-16 01:22:57,341   INFO  cfg.MODEL.POST_PROCESSING.EVAL_METRIC: kitti
2024-05-16 01:22:57,341   INFO  ----------- NMS_CONFIG -----------
2024-05-16 01:22:57,341   INFO  cfg.MODEL.POST_PROCESSING.NMS_CONFIG.MULTI_CLASSES_NMS: False
2024-05-16 01:22:57,341   INFO  cfg.MODEL.POST_PROCESSING.NMS_CONFIG.NMS_TYPE: nms_gpu
2024-05-16 01:22:57,341   INFO  cfg.MODEL.POST_PROCESSING.NMS_CONFIG.NMS_THRESH: 0.01
2024-05-16 01:22:57,341   INFO  cfg.MODEL.POST_PROCESSING.NMS_CONFIG.NMS_PRE_MAXSIZE: 4096
2024-05-16 01:22:57,341   INFO  cfg.MODEL.POST_PROCESSING.NMS_CONFIG.NMS_POST_MAXSIZE: 500
2024-05-16 01:22:57,341   INFO  ----------- OPTIMIZATION -----------
2024-05-16 01:22:57,341   INFO  cfg.OPTIMIZATION.BATCH_SIZE_PER_GPU: 4
2024-05-16 01:22:57,341   INFO  cfg.OPTIMIZATION.NUM_EPOCHS: 80
2024-05-16 01:22:57,341   INFO  cfg.OPTIMIZATION.OPTIMIZER: adam_onecycle
2024-05-16 01:22:57,341   INFO  cfg.OPTIMIZATION.LR: 0.003
2024-05-16 01:22:57,342   INFO  cfg.OPTIMIZATION.WEIGHT_DECAY: 0.01
2024-05-16 01:22:57,342   INFO  cfg.OPTIMIZATION.MOMENTUM: 0.9
2024-05-16 01:22:57,342   INFO  cfg.OPTIMIZATION.MOMS: [0.95, 0.85]
2024-05-16 01:22:57,342   INFO  cfg.OPTIMIZATION.PCT_START: 0.4
2024-05-16 01:22:57,342   INFO  cfg.OPTIMIZATION.DIV_FACTOR: 10
2024-05-16 01:22:57,342   INFO  cfg.OPTIMIZATION.DECAY_STEP_LIST: [35, 45]
2024-05-16 01:22:57,342   INFO  cfg.OPTIMIZATION.LR_DECAY: 0.1
2024-05-16 01:22:57,342   INFO  cfg.OPTIMIZATION.LR_CLIP: 1e-07
2024-05-16 01:22:57,342   INFO  cfg.OPTIMIZATION.LR_WARMUP: False
2024-05-16 01:22:57,342   INFO  cfg.OPTIMIZATION.WARMUP_EPOCH: 1
2024-05-16 01:22:57,342   INFO  cfg.OPTIMIZATION.GRAD_NORM_CLIP: 10
2024-05-16 01:22:57,342   INFO  cfg.TAG: pps
2024-05-16 01:22:57,342   INFO  cfg.EXP_GROUP_PATH: user/sun.qumeng/u11423/OpenPCDet/tools/cfgs/custom_models
2024-05-16 01:22:57,372   INFO  ----------- Create dataloader & network & optimizer -----------
Traceback (most recent call last):
  File "train.py", line 233, in <module>
    main()
  File "train.py", line 120, in main
    train_set, train_loader, train_sampler = build_dataloader(
  File "/home/uni08/hpc/sun.qumeng/u11423/OpenPCDet/tools/../pcdet/datasets/__init__.py", line 57, in build_dataloader
    dataset = __all__[dataset_cfg.DATASET](
  File "/home/uni08/hpc/sun.qumeng/u11423/OpenPCDet/tools/../pcdet/datasets/custom/custom_dataset.py", line 22, in __init__
    super().__init__(
  File "/home/uni08/hpc/sun.qumeng/u11423/OpenPCDet/tools/../pcdet/datasets/dataset.py", line 31, in __init__
    self.data_augmentor = DataAugmentor(
  File "/home/uni08/hpc/sun.qumeng/u11423/OpenPCDet/tools/../pcdet/datasets/augmentor/data_augmentor.py", line 24, in __init__
    cur_augmentor = getattr(self, cur_cfg.NAME)(config=cur_cfg)
  File "/home/uni08/hpc/sun.qumeng/u11423/OpenPCDet/tools/../pcdet/datasets/augmentor/data_augmentor.py", line 40, in gt_sampling
    db_sampler = database_sampler.DataBaseSampler(
  File "/home/uni08/hpc/sun.qumeng/u11423/OpenPCDet/tools/../pcdet/datasets/augmentor/database_sampler.py", line 35, in __init__
    sampler_cfg.DB_INFO_PATH[0] = sampler_cfg.BACKUP_DB_INFO['DB_INFO_PATH']
AttributeError: 'EasyDict' object has no attribute 'BACKUP_DB_INFO'
